[0m[1maws_vpc.tf_vpc: Creating...[0m
  assign_generated_ipv6_cidr_block: "" => "false"
  cidr_block:                       "" => "10.10.0.0/16"
  default_network_acl_id:           "" => "<computed>"
  default_route_table_id:           "" => "<computed>"
  default_security_group_id:        "" => "<computed>"
  dhcp_options_id:                  "" => "<computed>"
  enable_classiclink:               "" => "<computed>"
  enable_dns_hostnames:             "" => "true"
  enable_dns_support:               "" => "true"
  instance_tenancy:                 "" => "default"
  ipv6_association_id:              "" => "<computed>"
  ipv6_cidr_block:                  "" => "<computed>"
  main_route_table_id:              "" => "<computed>"
  tags.%:                           "" => "1"
  tags.Name:                        "" => "tf_vpc"[0m
[0m[1maws_vpc.tf_vpc: Creation complete[0m[0m
[0m[1maws_subnet.private_db1: Creating...[0m
  assign_ipv6_address_on_creation: "" => "false"
  availability_zone:               "" => "ap-northeast-1a"
  cidr_block:                      "" => "10.10.3.0/24"
  ipv6_cidr_block_association_id:  "" => "<computed>"
  map_public_ip_on_launch:         "" => "false"
  tags.%:                          "" => "1"
  tags.Name:                       "" => "tf_private_db1"
  vpc_id:                          "" => "vpc-4f6dfd2b"[0m
[0m[1maws_security_group.app: Creating...[0m
  description: "" => "It is a security group on http of tf_vpc"
  egress.#:    "" => "<computed>"
  ingress.#:   "" => "<computed>"
  name:        "" => "tf_web"
  owner_id:    "" => "<computed>"
  tags.%:      "" => "1"
  tags.Name:   "" => "tf_web"
  vpc_id:      "" => "vpc-4f6dfd2b"[0m
[0m[1maws_internet_gateway.gw: Creating...[0m
  tags.%:    "0" => "1"
  tags.Name: "" => "tf-gw"
  vpc_id:    "" => "vpc-4f6dfd2b"[0m
[0m[1maws_subnet.private_db2: Creating...[0m
  assign_ipv6_address_on_creation: "" => "false"
  availability_zone:               "" => "ap-northeast-1c"
  cidr_block:                      "" => "10.10.4.0/24"
  ipv6_cidr_block_association_id:  "" => "<computed>"
  map_public_ip_on_launch:         "" => "false"
  tags.%:                          "" => "1"
  tags.Name:                       "" => "tf_private_db2"
  vpc_id:                          "" => "vpc-4f6dfd2b"[0m
[0m[1maws_subnet.public_web2: Creating...[0m
  assign_ipv6_address_on_creation: "" => "false"
  availability_zone:               "" => "ap-northeast-1c"
  cidr_block:                      "" => "10.10.2.0/24"
  ipv6_cidr_block_association_id:  "" => "<computed>"
  map_public_ip_on_launch:         "" => "false"
  tags.%:                          "" => "1"
  tags.Name:                       "" => "tf_public_web2"
  vpc_id:                          "" => "vpc-4f6dfd2b"[0m
[0m[1maws_subnet.public_web1: Creating...[0m
  assign_ipv6_address_on_creation: "" => "false"
  availability_zone:               "" => "ap-northeast-1a"
  cidr_block:                      "" => "10.10.1.0/24"
  ipv6_cidr_block_association_id:  "" => "<computed>"
  map_public_ip_on_launch:         "" => "false"
  tags.%:                          "" => "1"
  tags.Name:                       "" => "tf_public_web1"
  vpc_id:                          "" => "vpc-4f6dfd2b"[0m
[0m[1maws_internet_gateway.gw: Creation complete[0m[0m
[0m[1maws_route_table.public_rtb: Creating...[0m
  route.#:                                    "" => "1"
  route.1993371672.cidr_block:                "" => "0.0.0.0/0"
  route.1993371672.gateway_id:                "" => "igw-920800f7"
  route.1993371672.instance_id:               "" => ""
  route.1993371672.nat_gateway_id:            "" => ""
  route.1993371672.network_interface_id:      "" => ""
  route.1993371672.vpc_peering_connection_id: "" => ""
  tags.%:                                     "" => "1"
  tags.Name:                                  "" => "tf_rtb"
  vpc_id:                                     "" => "vpc-4f6dfd2b"[0m
[0m[1maws_subnet.private_db2: Creation complete[0m[0m
[0m[1maws_security_group.app: Creation complete[0m[0m
[0m[1maws_security_group_rule.dns: Creating...[0m
  cidr_blocks.#:            "" => "1"
  cidr_blocks.0:            "" => "0.0.0.0/0"
  from_port:                "" => "53"
  protocol:                 "" => "udp"
  security_group_id:        "" => "sg-3cd1d65b"
  self:                     "" => "false"
  source_security_group_id: "" => "<computed>"
  to_port:                  "" => "53"
  type:                     "" => "ingress"[0m
[0m[1maws_security_group_rule.all: Creating...[0m
  cidr_blocks.#:            "" => "1"
  cidr_blocks.0:            "" => "0.0.0.0/0"
  from_port:                "" => "0"
  protocol:                 "" => "tcp"
  security_group_id:        "" => "sg-3cd1d65b"
  self:                     "" => "false"
  source_security_group_id: "" => "<computed>"
  to_port:                  "" => "65535"
  type:                     "" => "egress"[0m
[0m[1maws_security_group_rule.ssh: Creating...[0m
  cidr_blocks.#:            "" => "1"
  cidr_blocks.0:            "" => "0.0.0.0/0"
  from_port:                "" => "22"
  protocol:                 "" => "tcp"
  security_group_id:        "" => "sg-3cd1d65b"
  self:                     "" => "false"
  source_security_group_id: "" => "<computed>"
  to_port:                  "" => "22"
  type:                     "" => "ingress"[0m
[0m[1maws_subnet.public_web2: Creation complete[0m[0m
[0m[1maws_instance.dns-slave: Creating...[0m
  ami:                                               "" => "ami-56d4ad31"
  associate_public_ip_address:                       "" => "false"
  availability_zone:                                 "" => "<computed>"
  ebs_block_device.#:                                "" => "1"
  ebs_block_device.2659407853.delete_on_termination: "" => "true"
  ebs_block_device.2659407853.device_name:           "" => "/dev/sdf"
  ebs_block_device.2659407853.encrypted:             "" => "<computed>"
  ebs_block_device.2659407853.iops:                  "" => "<computed>"
  ebs_block_device.2659407853.snapshot_id:           "" => "<computed>"
  ebs_block_device.2659407853.volume_size:           "" => "100"
  ebs_block_device.2659407853.volume_type:           "" => "gp2"
  ephemeral_block_device.#:                          "" => "<computed>"
  instance_state:                                    "" => "<computed>"
  instance_type:                                     "" => "t2.micro"
  ipv6_addresses.#:                                  "" => "<computed>"
  key_name:                                          "" => "nao-key"
  network_interface_id:                              "" => "<computed>"
  placement_group:                                   "" => "<computed>"
  private_dns:                                       "" => "<computed>"
  private_ip:                                        "" => "<computed>"
  public_dns:                                        "" => "<computed>"
  public_ip:                                         "" => "<computed>"
  root_block_device.#:                               "" => "1"
  root_block_device.0.delete_on_termination:         "" => "true"
  root_block_device.0.iops:                          "" => "<computed>"
  root_block_device.0.volume_size:                   "" => "20"
  root_block_device.0.volume_type:                   "" => "gp2"
  security_groups.#:                                 "" => "<computed>"
  source_dest_check:                                 "" => "true"
  subnet_id:                                         "" => "subnet-e51075bd"
  tags.%:                                            "" => "1"
  tags.Name:                                         "" => "tf_instance"
  tenancy:                                           "" => "<computed>"
  vpc_security_group_ids.#:                          "" => "1"
  vpc_security_group_ids.1742019275:                 "" => "sg-3cd1d65b"[0m
[0m[1maws_subnet.public_web1: Creation complete[0m[0m
[0m[1maws_subnet.private_db1: Creation complete[0m[0m
[0m[1maws_instance.dns-master: Creating...[0m
  ami:                                               "" => "ami-56d4ad31"
  associate_public_ip_address:                       "" => "false"
  availability_zone:                                 "" => "<computed>"
  ebs_block_device.#:                                "" => "1"
  ebs_block_device.2659407853.delete_on_termination: "" => "true"
  ebs_block_device.2659407853.device_name:           "" => "/dev/sdf"
  ebs_block_device.2659407853.encrypted:             "" => "<computed>"
  ebs_block_device.2659407853.iops:                  "" => "<computed>"
  ebs_block_device.2659407853.snapshot_id:           "" => "<computed>"
  ebs_block_device.2659407853.volume_size:           "" => "100"
  ebs_block_device.2659407853.volume_type:           "" => "gp2"
  ephemeral_block_device.#:                          "" => "<computed>"
  instance_state:                                    "" => "<computed>"
  instance_type:                                     "" => "t2.micro"
  ipv6_addresses.#:                                  "" => "<computed>"
  key_name:                                          "" => "nao-key"
  network_interface_id:                              "" => "<computed>"
  placement_group:                                   "" => "<computed>"
  private_dns:                                       "" => "<computed>"
  private_ip:                                        "" => "<computed>"
  public_dns:                                        "" => "<computed>"
  public_ip:                                         "" => "<computed>"
  root_block_device.#:                               "" => "1"
  root_block_device.0.delete_on_termination:         "" => "true"
  root_block_device.0.iops:                          "" => "<computed>"
  root_block_device.0.volume_size:                   "" => "20"
  root_block_device.0.volume_type:                   "" => "gp2"
  security_groups.#:                                 "" => "<computed>"
  source_dest_check:                                 "" => "true"
  subnet_id:                                         "" => "subnet-04134872"
  tags.%:                                            "" => "1"
  tags.Name:                                         "" => "tf_instance"
  tenancy:                                           "" => "<computed>"
  vpc_security_group_ids.#:                          "" => "1"
  vpc_security_group_ids.1742019275:                 "" => "sg-3cd1d65b"[0m
[0m[1maws_route_table.public_rtb: Creation complete[0m[0m
[0m[1maws_route_table_association.public_2: Creating...[0m
  route_table_id: "" => "rtb-3f84a55b"
  subnet_id:      "" => "subnet-e51075bd"[0m
[0m[1maws_route_table_association.public_1: Creating...[0m
  route_table_id: "" => "rtb-3f84a55b"
  subnet_id:      "" => "subnet-04134872"[0m
[0m[1maws_route_table_association.public_2: Creation complete[0m[0m
[0m[1maws_route_table_association.public_1: Creation complete[0m[0m
[0m[1maws_security_group_rule.dns: Creation complete[0m[0m
[0m[1maws_security_group_rule.all: Creation complete[0m[0m
[0m[1maws_security_group_rule.ssh: Creation complete[0m[0m
[0m[1maws_instance.dns-slave: Still creating... (10s elapsed)[0m[0m
[0m[1maws_instance.dns-master: Still creating... (10s elapsed)[0m[0m
[0m[1maws_instance.dns-slave: Still creating... (20s elapsed)[0m[0m
[0m[1maws_instance.dns-master: Still creating... (20s elapsed)[0m[0m
[0m[1maws_instance.dns-slave: Creation complete[0m[0m
[0m[1maws_eip.dns-slave: Creating...[0m
  allocation_id:     "" => "<computed>"
  association_id:    "" => "<computed>"
  domain:            "" => "<computed>"
  instance:          "" => "i-0f00c06f0ff74ed39"
  network_interface: "" => "<computed>"
  private_ip:        "" => "<computed>"
  public_ip:         "" => "<computed>"
  vpc:               "" => "true"[0m
[0m[1maws_eip.dns-slave: Creation complete[0m[0m
[0m[1maws_instance.dns-master: Creation complete[0m[0m
[0m[1maws_eip.dns-master: Creating...[0m
  allocation_id:     "" => "<computed>"
  association_id:    "" => "<computed>"
  domain:            "" => "<computed>"
  instance:          "" => "i-035d1bdbe83a816b5"
  network_interface: "" => "<computed>"
  private_ip:        "" => "<computed>"
  public_ip:         "" => "<computed>"
  vpc:               "" => "true"[0m
[0m[1maws_eip.dns-master: Creation complete[0m[0m
[0m[1m[32m
Apply complete! Resources: 17 added, 0 changed, 0 destroyed.[0m
[0m
The state of your infrastructure has been saved to the path
below. This state is required to modify and destroy your
infrastructure, so keep it safe. To inspect the complete state
use the `terraform show` command.

State path: terraform.tfstate[0m
[0m[1m[32m
Outputs:

elastic_ip_of_dns-master = 54.178.230.38
elastic_ip_of_dns-slave = 13.113.136.50[0m
